<?xml version="1.0" encoding="UTF-8"?>
<!-- Generated by org.testng.reporters.JUnitXMLReporter -->
<testsuite ignored="3" hostname="DESKTOP-HOF3APB" failures="0" tests="1" name="Test" time="13.818" errors="0" timestamp="02 Jun 2024 18:46:31 GMT">
  <testcase classname="test.LoginTest" name="validUserShouldBeAbleToLogin" time="13.762"/>
  <testcase classname="test.ListCustomersTest" name="userShouldBeAbleToEditAndViewCustomer" time="0.0">
    <ignored/>
  </testcase> <!-- userShouldBeAbleToEditAndViewCustomer -->
  <testcase classname="test.LoginTest" name="validateAlertPopup" time="0.0">
    <ignored/>
  </testcase> <!-- validateAlertPopup -->
  <testcase classname="test.AddCustomerTest" name="userShouldBeAbleToCreateNewCustomer" time="0.0">
    <ignored/>
  </testcase> <!-- userShouldBeAbleToCreateNewCustomer -->
</testsuite> <!-- Test -->
