<?xml version="1.0" encoding="UTF-8"?>
<testng-results ignored="3" total="4" passed="1" failed="0" skipped="0">
  <reporter-output>
  </reporter-output>
  <suite started-at="2024-06-02T18:46:18Z" name="Suite" finished-at="2024-06-02T18:46:31Z" duration-ms="13818">
    <groups>
      <group name="regression">
        <method signature="LoginTest.validUserShouldBeAbleToLogin()[pri:0, instance:test.LoginTest@21b2e768]" name="validUserShouldBeAbleToLogin" class="test.LoginTest"/>
      </group> <!-- regression -->
      <group name="smoke">
        <method signature="LoginTest.validUserShouldBeAbleToLogin()[pri:0, instance:test.LoginTest@21b2e768]" name="validUserShouldBeAbleToLogin" class="test.LoginTest"/>
      </group> <!-- smoke -->
    </groups>
    <test started-at="2024-06-02T18:46:18Z" name="Test" finished-at="2024-06-02T18:46:31Z" duration-ms="13818">
      <class name="test.LoginTest">
        <test-method is-config="true" signature="readJson()[pri:0, instance:test.LoginTest@21b2e768]" started-at="2024-06-02T18:46:18Z" name="readJson" finished-at="2024-06-02T18:46:18Z" duration-ms="28" status="PASS">
          <reporter-output>
          </reporter-output>
        </test-method> <!-- readJson -->
        <test-method signature="validUserShouldBeAbleToLogin()[pri:0, instance:test.LoginTest@21b2e768]" started-at="2024-06-02T18:46:18Z" name="validUserShouldBeAbleToLogin" finished-at="2024-06-02T18:46:31Z" duration-ms="13762" status="PASS">
          <reporter-output>
          </reporter-output>
        </test-method> <!-- validUserShouldBeAbleToLogin -->
      </class> <!-- test.LoginTest -->
    </test> <!-- Test -->
  </suite> <!-- Suite -->
</testng-results>
